\BOOKMARK [1][-]{section.1}{Introduction}{}% 1
\BOOKMARK [1][-]{section.2}{Feature Extraction}{}% 2
\BOOKMARK [2][-]{subsection.2.1}{Mel-frequency cepstrum coefficients}{section.2}% 3
\BOOKMARK [2][-]{subsection.2.2}{Octave band signal intensity}{section.2}% 4
\BOOKMARK [2][-]{subsection.2.3}{Amplitude Modulation}{section.2}% 5
\BOOKMARK [1][-]{section.3}{Preprocessing}{}% 6
\BOOKMARK [2][-]{subsection.3.1}{Mean/covariance pairs}{section.3}% 7
\BOOKMARK [2][-]{subsection.3.2}{KL-Divergence}{section.3}% 8
\BOOKMARK [2][-]{subsection.3.3}{Normalization}{section.3}% 9
\BOOKMARK [2][-]{subsection.3.4}{Summary}{section.3}% 10
\BOOKMARK [1][-]{section.4}{Clustering}{}% 11
\BOOKMARK [2][-]{subsection.4.1}{Basic K-means overview}{section.4}% 12
\BOOKMARK [2][-]{subsection.4.2}{Our implementation}{section.4}% 13
\BOOKMARK [2][-]{subsection.4.3}{Heuristics}{section.4}% 14
\BOOKMARK [2][-]{subsection.4.4}{Auto-weighted k-means}{section.4}% 15
\BOOKMARK [2][-]{subsection.4.5}{Finding the best k}{section.4}% 16
\BOOKMARK [1][-]{section.5}{Testing and Results}{}% 17
\BOOKMARK [2][-]{subsection.5.1}{Instrument and ensemble identification}{section.5}% 18
\BOOKMARK [2][-]{subsection.5.2}{Genre partitioning}{section.5}% 19
\BOOKMARK [2][-]{subsection.5.3}{Wildcard clustering}{section.5}% 20
\BOOKMARK [1][-]{section.6}{Discussion and Future Work}{}% 21
\BOOKMARK [1][-]{section.7}{Conclusion}{}% 22
